<?xml version='1.0'?>
<ns2:test-suite xmlns:ns2='urn:model.allure.qatools.yandex.ru' start='1565534474645' stop='1565534480917'>
    <name>Design</name>
    <title>Design</title>
    <test-cases>
        <test-case start='1565534474646' status='failed' stop='1565534480915'>
            <name>logo "GlobalLogic" is apears</name>
            <title>logo "GlobalLogic" is apears</title>
            <labels>
                <label name='language' value='javascript'/>
                <label name='framework' value='wdio'/>
                <label name='thread' value='0-0'/>
            </labels>
            <parameters>
                <parameter kind='argument' name='browser' value='chrome'/>
            </parameters>
            <steps>
                <step start='1565534474652' status='passed' stop='1565534480864'>
                    <name>POST /session/:sessionId/url</name>
                    <title>POST /session/:sessionId/url</title>
                    <attachments>
                        <attachment title='Request' source='206bd84b-07f5-4e85-87da-f058b89e53af-attachment.json'
                                    type='application/json' size='43'/>
                    </attachments>
                    <steps/>
                </step>
                <step start='1565534480867' status='passed' stop='1565534480895'>
                    <name>POST /session/:sessionId/elements</name>
                    <title>POST /session/:sessionId/elements</title>
                    <attachments>
                        <attachment title='Request' source='7e63187a-180a-4062-88b5-ce9c212f6f3f-attachment.json'
                                    type='application/json' size='83'/>
                        <attachment title='Response' source='38470c92-c338-4335-aea6-576a07d7a611-attachment.json'
                                    type='application/json' size='50'/>
                    </attachments>
                    <steps/>
                </step>
            </steps>
            <attachments/>
            <failure>
                <message>expected { Object (sessionId, elementId, ...) } to equal true</message>
                <stack-trace>AssertionError: expected { Object (sessionId, elementId, ...) } to equal true
                    at Context.equal
                    (C:\Users\Professional\WebstormProjects\GlobalLogik\test\specs/global-header.js:11:16)
                    at Promise
                    (C:\Users\Professional\WebstormProjects\GlobalLogik\node_modules\@wdio\sync\build\index.js:55:22)
                    at Context.executeSync
                    (C:\Users\Professional\WebstormProjects\GlobalLogik\node_modules\@wdio\sync\build\index.js:53:10)
                    at C:\Users\Professional\WebstormProjects\GlobalLogik\node_modules\@wdio\sync\build\index.js:136:70
                </stack-trace>
            </failure>
        </test-case>
    </test-cases>
</ns2:test-suite>
