<?xml version='1.0'?>
<ns2:test-suite xmlns:ns2='urn:model.allure.qatools.yandex.ru' start='1565522435019' stop='1565522444578'>
    <name>Client: Page Level</name>
    <title>Client: Page Level</title>
    <test-cases>
        <test-case start='1565522435023' status='failed' stop='1565522444576'>
            <name>Get title</name>
            <title>Get title</title>
            <labels>
                <label name='language' value='javascript'/>
                <label name='framework' value='wdio'/>
                <label name='thread' value='0-0'/>
            </labels>
            <parameters>
                <parameter kind='argument' name='browser' value='chrome'/>
            </parameters>
            <steps>
                <step start='1565522435040' status='passed' stop='1565522442551'>
                    <name>POST /session/:sessionId/url</name>
                    <title>POST /session/:sessionId/url</title>
                    <attachments>
                        <attachment title='Request' source='92abcf94-ac53-4e24-99a8-24a0391a8503-attachment.json'
                                    type='application/json' size='43'/>
                    </attachments>
                    <steps/>
                </step>
                <step start='1565522442552' status='passed' stop='1565522442568'>
                    <name>GET /session/:sessionId/title</name>
                    <title>GET /session/:sessionId/title</title>
                    <attachments>
                        <attachment title='Response' source='8299d99f-e207-4aae-a072-1fc8c940091f-attachment.json'
                                    type='application/json' size='46'/>
                    </attachments>
                    <steps/>
                </step>
            </steps>
            <attachments/>
            <failure>
                <message>'Інновації, орієнтовані на цифрові технології' == 'Bug Tracker'</message>
                <stack-trace>AssertionError [ERR_ASSERTION]: 'Інновації, орієнтовані на цифрові технології' == 'Bug
                    Tracker'
                    at Context.&lt;anonymous>
                    (C:\Users\Professional\WebstormProjects\GlobalLogik\test\specs\test.js:11:20)
                    at Promise
                    (C:\Users\Professional\WebstormProjects\GlobalLogik\node_modules\@wdio\sync\build\index.js:55:22)
                    at Context.executeSync
                    (C:\Users\Professional\WebstormProjects\GlobalLogik\node_modules\@wdio\sync\build\index.js:53:10)
                    at C:\Users\Professional\WebstormProjects\GlobalLogik\node_modules\@wdio\sync\build\index.js:136:70
                </stack-trace>
            </failure>
        </test-case>
    </test-cases>
</ns2:test-suite>
